
*** Running vivado
    with args -log top_module.vds -m64 -product Vivado -mode batch -messageDb vivado.pb -notrace -source top_module.tcl


****** Vivado v2022.2 (64-bit)
  **** SW Build 3671981 on Fri Oct 14 04:59:54 MDT 2022
  **** IP Build 3669848 on Fri Oct 14 08:30:02 MDT 2022
    ** Copyright 1986-2022 Xilinx, Inc. All Rights Reserved.

source top_module.tcl -notrace
create_project: Time (s): cpu = 00:00:09 ; elapsed = 00:00:10 . Memory (MB): peak = 1255.445 ; gain = 0.023 ; free physical = 1272 ; free virtual = 10027
Command: read_checkpoint -auto_incremental -incremental {/home/acg/Desktop/Xilinx Projects/ders_2_klavye_uart/ders_2_klavye_uart.srcs/utils_1/imports/synth_1/top_module.dcp}
INFO: [Vivado 12-5825] Read reference checkpoint from /home/acg/Desktop/Xilinx Projects/ders_2_klavye_uart/ders_2_klavye_uart.srcs/utils_1/imports/synth_1/top_module.dcp for incremental synthesis
INFO: [Vivado 12-7989] Please ensure there are no constraint changes
Command: synth_design -top top_module -part xc7a100tcsg324-2
Starting synth_design
Attempting to get a license for feature 'Synthesis' and/or device 'xc7a100t'
INFO: [Common 17-349] Got license for feature 'Synthesis' and/or device 'xc7a100t'
INFO: [Device 21-403] Loading part xc7a100tcsg324-2
INFO: [Designutils 20-5440] No compile time benefit to using incremental synthesis; A full resynthesis will be run
INFO: [Designutils 20-4379] Flow is switching to default flow due to incremental criteria not met. If you would like to alter this behaviour and have the flow terminate instead, please set the following parameter config_implementation {autoIncr.Synth.RejectBehavior Terminate}
INFO: [Synth 8-7079] Multithreading enabled for synth_design using a maximum of 4 processes.
INFO: [Synth 8-7078] Launching helper process for spawning children vivado processes
INFO: [Synth 8-7075] Helper process launched with PID 14267
INFO: [Synth 8-11241] undeclared symbol 'REGCCE', assumed default net type 'wire' [/home/acg/Vivado/Vivado/2022.2/data/verilog/src/unimacro/BRAM_SINGLE_MACRO.v:2170]
---------------------------------------------------------------------------------
Starting RTL Elaboration : Time (s): cpu = 00:00:07 ; elapsed = 00:00:08 . Memory (MB): peak = 1948.316 ; gain = 372.738 ; free physical = 282 ; free virtual = 9010
Synthesis current peak Physical Memory [PSS] (MB): peak = 1410.306; parent = 1191.274; children = 219.031
Synthesis current peak Virtual Memory [VSS] (MB): peak = 2937.117; parent = 1948.320; children = 988.797
---------------------------------------------------------------------------------
INFO: [Synth 8-638] synthesizing module 'top_module' [/home/acg/Desktop/Xilinx Projects/ders_2_klavye_uart/ders_2_klavye_uart.srcs/sources_1/new/top_module.vhd:15]
INFO: [Synth 8-638] synthesizing module 'ps2_rx' [/home/acg/Desktop/Xilinx Projects/ders_2_klavye_uart/ders_2_klavye_uart.srcs/sources_1/new/ps2_rx.vhd:14]
INFO: [Synth 8-256] done synthesizing module 'ps2_rx' (0#1) [/home/acg/Desktop/Xilinx Projects/ders_2_klavye_uart/ders_2_klavye_uart.srcs/sources_1/new/ps2_rx.vhd:14]
INFO: [Synth 8-638] synthesizing module 'seven_segment' [/home/acg/Desktop/Xilinx Projects/ders_2_klavye_uart/ders_2_klavye_uart.srcs/sources_1/new/seven_segment.vhd:14]
INFO: [Synth 8-256] done synthesizing module 'seven_segment' (0#1) [/home/acg/Desktop/Xilinx Projects/ders_2_klavye_uart/ders_2_klavye_uart.srcs/sources_1/new/seven_segment.vhd:14]
INFO: [Synth 8-256] done synthesizing module 'top_module' (0#1) [/home/acg/Desktop/Xilinx Projects/ders_2_klavye_uart/ders_2_klavye_uart.srcs/sources_1/new/top_module.vhd:15]
WARNING: [Synth 8-7129] Port clk in module seven_segment is either unconnected or has no load
---------------------------------------------------------------------------------
Finished RTL Elaboration : Time (s): cpu = 00:00:09 ; elapsed = 00:00:10 . Memory (MB): peak = 2015.285 ; gain = 439.707 ; free physical = 334 ; free virtual = 9054
Synthesis current peak Physical Memory [PSS] (MB): peak = 1474.771; parent = 1255.739; children = 219.031
Synthesis current peak Virtual Memory [VSS] (MB): peak = 3004.086; parent = 2015.289; children = 988.797
---------------------------------------------------------------------------------
---------------------------------------------------------------------------------
Start Handling Custom Attributes
---------------------------------------------------------------------------------
---------------------------------------------------------------------------------
Finished Handling Custom Attributes : Time (s): cpu = 00:00:09 ; elapsed = 00:00:10 . Memory (MB): peak = 2033.098 ; gain = 457.520 ; free physical = 349 ; free virtual = 9062
Synthesis current peak Physical Memory [PSS] (MB): peak = 1474.771; parent = 1255.739; children = 219.031
Synthesis current peak Virtual Memory [VSS] (MB): peak = 3021.898; parent = 2033.102; children = 988.797
---------------------------------------------------------------------------------
---------------------------------------------------------------------------------
Finished RTL Optimization Phase 1 : Time (s): cpu = 00:00:09 ; elapsed = 00:00:10 . Memory (MB): peak = 2033.098 ; gain = 457.520 ; free physical = 349 ; free virtual = 9060
Synthesis current peak Physical Memory [PSS] (MB): peak = 1474.771; parent = 1255.739; children = 219.031
Synthesis current peak Virtual Memory [VSS] (MB): peak = 3021.898; parent = 2033.102; children = 988.797
---------------------------------------------------------------------------------
Netlist sorting complete. Time (s): cpu = 00:00:00 ; elapsed = 00:00:00 . Memory (MB): peak = 2033.098 ; gain = 0.000 ; free physical = 349 ; free virtual = 9056
INFO: [Project 1-570] Preparing netlist for logic optimization

Processing XDC Constraints
Initializing timing engine
Parsing XDC File [/home/acg/Desktop/Xilinx Projects/firstProject/firstProject.srcs/constrs_1/new/Nexys-A7-100T-Master.xdc]
WARNING: [Vivado 12-584] No ports matched 'LED[0]'. [/home/acg/Desktop/Xilinx Projects/firstProject/firstProject.srcs/constrs_1/new/Nexys-A7-100T-Master.xdc:31]
CRITICAL WARNING: [Common 17-55] 'set_property' expects at least one object. [/home/acg/Desktop/Xilinx Projects/firstProject/firstProject.srcs/constrs_1/new/Nexys-A7-100T-Master.xdc:31]
Resolution: If [get_<value>] was used to populate the object, check to make sure this command returns at least one valid object.
WARNING: [Vivado 12-584] No ports matched 'LED[1]'. [/home/acg/Desktop/Xilinx Projects/firstProject/firstProject.srcs/constrs_1/new/Nexys-A7-100T-Master.xdc:32]
CRITICAL WARNING: [Common 17-55] 'set_property' expects at least one object. [/home/acg/Desktop/Xilinx Projects/firstProject/firstProject.srcs/constrs_1/new/Nexys-A7-100T-Master.xdc:32]
Resolution: If [get_<value>] was used to populate the object, check to make sure this command returns at least one valid object.
WARNING: [Vivado 12-584] No ports matched 'LED[2]'. [/home/acg/Desktop/Xilinx Projects/firstProject/firstProject.srcs/constrs_1/new/Nexys-A7-100T-Master.xdc:33]
CRITICAL WARNING: [Common 17-55] 'set_property' expects at least one object. [/home/acg/Desktop/Xilinx Projects/firstProject/firstProject.srcs/constrs_1/new/Nexys-A7-100T-Master.xdc:33]
Resolution: If [get_<value>] was used to populate the object, check to make sure this command returns at least one valid object.
WARNING: [Vivado 12-584] No ports matched 'LED[3]'. [/home/acg/Desktop/Xilinx Projects/firstProject/firstProject.srcs/constrs_1/new/Nexys-A7-100T-Master.xdc:34]
CRITICAL WARNING: [Common 17-55] 'set_property' expects at least one object. [/home/acg/Desktop/Xilinx Projects/firstProject/firstProject.srcs/constrs_1/new/Nexys-A7-100T-Master.xdc:34]
Resolution: If [get_<value>] was used to populate the object, check to make sure this command returns at least one valid object.
WARNING: [Vivado 12-584] No ports matched 'LED[4]'. [/home/acg/Desktop/Xilinx Projects/firstProject/firstProject.srcs/constrs_1/new/Nexys-A7-100T-Master.xdc:35]
CRITICAL WARNING: [Common 17-55] 'set_property' expects at least one object. [/home/acg/Desktop/Xilinx Projects/firstProject/firstProject.srcs/constrs_1/new/Nexys-A7-100T-Master.xdc:35]
Resolution: If [get_<value>] was used to populate the object, check to make sure this command returns at least one valid object.
WARNING: [Vivado 12-584] No ports matched 'LED[5]'. [/home/acg/Desktop/Xilinx Projects/firstProject/firstProject.srcs/constrs_1/new/Nexys-A7-100T-Master.xdc:36]
CRITICAL WARNING: [Common 17-55] 'set_property' expects at least one object. [/home/acg/Desktop/Xilinx Projects/firstProject/firstProject.srcs/constrs_1/new/Nexys-A7-100T-Master.xdc:36]
Resolution: If [get_<value>] was used to populate the object, check to make sure this command returns at least one valid object.
WARNING: [Vivado 12-584] No ports matched 'LED[6]'. [/home/acg/Desktop/Xilinx Projects/firstProject/firstProject.srcs/constrs_1/new/Nexys-A7-100T-Master.xdc:37]
CRITICAL WARNING: [Common 17-55] 'set_property' expects at least one object. [/home/acg/Desktop/Xilinx Projects/firstProject/firstProject.srcs/constrs_1/new/Nexys-A7-100T-Master.xdc:37]
Resolution: If [get_<value>] was used to populate the object, check to make sure this command returns at least one valid object.
WARNING: [Vivado 12-584] No ports matched 'LED[7]'. [/home/acg/Desktop/Xilinx Projects/firstProject/firstProject.srcs/constrs_1/new/Nexys-A7-100T-Master.xdc:38]
CRITICAL WARNING: [Common 17-55] 'set_property' expects at least one object. [/home/acg/Desktop/Xilinx Projects/firstProject/firstProject.srcs/constrs_1/new/Nexys-A7-100T-Master.xdc:38]
Resolution: If [get_<value>] was used to populate the object, check to make sure this command returns at least one valid object.
WARNING: [Vivado 12-584] No ports matched 'LED[8]'. [/home/acg/Desktop/Xilinx Projects/firstProject/firstProject.srcs/constrs_1/new/Nexys-A7-100T-Master.xdc:39]
CRITICAL WARNING: [Common 17-55] 'set_property' expects at least one object. [/home/acg/Desktop/Xilinx Projects/firstProject/firstProject.srcs/constrs_1/new/Nexys-A7-100T-Master.xdc:39]
Resolution: If [get_<value>] was used to populate the object, check to make sure this command returns at least one valid object.
WARNING: [Vivado 12-584] No ports matched 'LED[9]'. [/home/acg/Desktop/Xilinx Projects/firstProject/firstProject.srcs/constrs_1/new/Nexys-A7-100T-Master.xdc:40]
CRITICAL WARNING: [Common 17-55] 'set_property' expects at least one object. [/home/acg/Desktop/Xilinx Projects/firstProject/firstProject.srcs/constrs_1/new/Nexys-A7-100T-Master.xdc:40]
Resolution: If [get_<value>] was used to populate the object, check to make sure this command returns at least one valid object.
WARNING: [Vivado 12-584] No ports matched 'LED[10]'. [/home/acg/Desktop/Xilinx Projects/firstProject/firstProject.srcs/constrs_1/new/Nexys-A7-100T-Master.xdc:41]
CRITICAL WARNING: [Common 17-55] 'set_property' expects at least one object. [/home/acg/Desktop/Xilinx Projects/firstProject/firstProject.srcs/constrs_1/new/Nexys-A7-100T-Master.xdc:41]
Resolution: If [get_<value>] was used to populate the object, check to make sure this command returns at least one valid object.
WARNING: [Vivado 12-584] No ports matched 'LED[11]'. [/home/acg/Desktop/Xilinx Projects/firstProject/firstProject.srcs/constrs_1/new/Nexys-A7-100T-Master.xdc:42]
CRITICAL WARNING: [Common 17-55] 'set_property' expects at least one object. [/home/acg/Desktop/Xilinx Projects/firstProject/firstProject.srcs/constrs_1/new/Nexys-A7-100T-Master.xdc:42]
Resolution: If [get_<value>] was used to populate the object, check to make sure this command returns at least one valid object.
WARNING: [Vivado 12-584] No ports matched 'LED[12]'. [/home/acg/Desktop/Xilinx Projects/firstProject/firstProject.srcs/constrs_1/new/Nexys-A7-100T-Master.xdc:43]
CRITICAL WARNING: [Common 17-55] 'set_property' expects at least one object. [/home/acg/Desktop/Xilinx Projects/firstProject/firstProject.srcs/constrs_1/new/Nexys-A7-100T-Master.xdc:43]
Resolution: If [get_<value>] was used to populate the object, check to make sure this command returns at least one valid object.
WARNING: [Vivado 12-584] No ports matched 'LED[13]'. [/home/acg/Desktop/Xilinx Projects/firstProject/firstProject.srcs/constrs_1/new/Nexys-A7-100T-Master.xdc:44]
CRITICAL WARNING: [Common 17-55] 'set_property' expects at least one object. [/home/acg/Desktop/Xilinx Projects/firstProject/firstProject.srcs/constrs_1/new/Nexys-A7-100T-Master.xdc:44]
Resolution: If [get_<value>] was used to populate the object, check to make sure this command returns at least one valid object.
WARNING: [Vivado 12-584] No ports matched 'LED[14]'. [/home/acg/Desktop/Xilinx Projects/firstProject/firstProject.srcs/constrs_1/new/Nexys-A7-100T-Master.xdc:45]
CRITICAL WARNING: [Common 17-55] 'set_property' expects at least one object. [/home/acg/Desktop/Xilinx Projects/firstProject/firstProject.srcs/constrs_1/new/Nexys-A7-100T-Master.xdc:45]
Resolution: If [get_<value>] was used to populate the object, check to make sure this command returns at least one valid object.
WARNING: [Vivado 12-584] No ports matched 'LED[15]'. [/home/acg/Desktop/Xilinx Projects/firstProject/firstProject.srcs/constrs_1/new/Nexys-A7-100T-Master.xdc:46]
CRITICAL WARNING: [Common 17-55] 'set_property' expects at least one object. [/home/acg/Desktop/Xilinx Projects/firstProject/firstProject.srcs/constrs_1/new/Nexys-A7-100T-Master.xdc:46]
Resolution: If [get_<value>] was used to populate the object, check to make sure this command returns at least one valid object.
WARNING: [Vivado 12-584] No ports matched 'SEG_OUT[7]'. [/home/acg/Desktop/Xilinx Projects/firstProject/firstProject.srcs/constrs_1/new/Nexys-A7-100T-Master.xdc:64]
CRITICAL WARNING: [Common 17-55] 'set_property' expects at least one object. [/home/acg/Desktop/Xilinx Projects/firstProject/firstProject.srcs/constrs_1/new/Nexys-A7-100T-Master.xdc:64]
Resolution: If [get_<value>] was used to populate the object, check to make sure this command returns at least one valid object.
WARNING: [Vivado 12-584] No ports matched 'CPU_RESETN'. [/home/acg/Desktop/Xilinx Projects/firstProject/firstProject.srcs/constrs_1/new/Nexys-A7-100T-Master.xdc:75]
CRITICAL WARNING: [Common 17-55] 'set_property' expects at least one object. [/home/acg/Desktop/Xilinx Projects/firstProject/firstProject.srcs/constrs_1/new/Nexys-A7-100T-Master.xdc:75]
Resolution: If [get_<value>] was used to populate the object, check to make sure this command returns at least one valid object.
WARNING: [Vivado 12-584] No ports matched 'BTNC'. [/home/acg/Desktop/Xilinx Projects/firstProject/firstProject.srcs/constrs_1/new/Nexys-A7-100T-Master.xdc:78]
CRITICAL WARNING: [Common 17-55] 'set_property' expects at least one object. [/home/acg/Desktop/Xilinx Projects/firstProject/firstProject.srcs/constrs_1/new/Nexys-A7-100T-Master.xdc:78]
Resolution: If [get_<value>] was used to populate the object, check to make sure this command returns at least one valid object.
WARNING: [Vivado 12-584] No ports matched 'UART_TXD_IN'. [/home/acg/Desktop/Xilinx Projects/firstProject/firstProject.srcs/constrs_1/new/Nexys-A7-100T-Master.xdc:186]
CRITICAL WARNING: [Common 17-55] 'set_property' expects at least one object. [/home/acg/Desktop/Xilinx Projects/firstProject/firstProject.srcs/constrs_1/new/Nexys-A7-100T-Master.xdc:186]
Resolution: If [get_<value>] was used to populate the object, check to make sure this command returns at least one valid object.
Finished Parsing XDC File [/home/acg/Desktop/Xilinx Projects/firstProject/firstProject.srcs/constrs_1/new/Nexys-A7-100T-Master.xdc]
INFO: [Project 1-236] Implementation specific constraints were found while reading constraint file [/home/acg/Desktop/Xilinx Projects/firstProject/firstProject.srcs/constrs_1/new/Nexys-A7-100T-Master.xdc]. These constraints will be ignored for synthesis but will be used in implementation. Impacted constraints are listed in the file [.Xil/top_module_propImpl.xdc].
Resolution: To avoid this warning, move constraints listed in [.Xil/top_module_propImpl.xdc] to another XDC file and exclude this new file from synthesis with the used_in_synthesis property (File Properties dialog in GUI) and re-run elaboration/synthesis.
Completed Processing XDC Constraints

Netlist sorting complete. Time (s): cpu = 00:00:00 ; elapsed = 00:00:00 . Memory (MB): peak = 2149.832 ; gain = 0.000 ; free physical = 323 ; free virtual = 8960
INFO: [Project 1-111] Unisim Transformation Summary:
No Unisim elements were transformed.

Constraint Validation Runtime : Time (s): cpu = 00:00:00 ; elapsed = 00:00:00 . Memory (MB): peak = 2149.832 ; gain = 0.000 ; free physical = 323 ; free virtual = 8960
INFO: [Designutils 20-5440] No compile time benefit to using incremental synthesis; A full resynthesis will be run
INFO: [Designutils 20-4379] Flow is switching to default flow due to incremental criteria not met. If you would like to alter this behaviour and have the flow terminate instead, please set the following parameter config_implementation {autoIncr.Synth.RejectBehavior Terminate}
INFO: [Synth 8-11241] undeclared symbol 'REGCCE', assumed default net type 'wire' [/home/acg/Vivado/Vivado/2022.2/data/verilog/src/unimacro/BRAM_SINGLE_MACRO.v:2170]
---------------------------------------------------------------------------------
Finished Constraint Validation : Time (s): cpu = 00:00:19 ; elapsed = 00:00:22 . Memory (MB): peak = 2149.832 ; gain = 574.254 ; free physical = 354 ; free virtual = 8851
Synthesis current peak Physical Memory [PSS] (MB): peak = 1474.771; parent = 1255.739; children = 219.031
Synthesis current peak Virtual Memory [VSS] (MB): peak = 3138.633; parent = 2149.836; children = 988.797
---------------------------------------------------------------------------------
---------------------------------------------------------------------------------
Start Loading Part and Timing Information
---------------------------------------------------------------------------------
Loading part: xc7a100tcsg324-2
---------------------------------------------------------------------------------
Finished Loading Part and Timing Information : Time (s): cpu = 00:00:19 ; elapsed = 00:00:22 . Memory (MB): peak = 2149.832 ; gain = 574.254 ; free physical = 354 ; free virtual = 8851
Synthesis current peak Physical Memory [PSS] (MB): peak = 1474.771; parent = 1255.739; children = 219.031
Synthesis current peak Virtual Memory [VSS] (MB): peak = 3138.633; parent = 2149.836; children = 988.797
---------------------------------------------------------------------------------
---------------------------------------------------------------------------------
Start Applying 'set_property' XDC Constraints
---------------------------------------------------------------------------------
---------------------------------------------------------------------------------
Finished applying 'set_property' XDC Constraints : Time (s): cpu = 00:00:20 ; elapsed = 00:00:22 . Memory (MB): peak = 2149.832 ; gain = 574.254 ; free physical = 354 ; free virtual = 8851
Synthesis current peak Physical Memory [PSS] (MB): peak = 1474.771; parent = 1255.739; children = 219.031
Synthesis current peak Virtual Memory [VSS] (MB): peak = 3138.633; parent = 2149.836; children = 988.797
---------------------------------------------------------------------------------
---------------------------------------------------------------------------------
Finished RTL Optimization Phase 2 : Time (s): cpu = 00:00:20 ; elapsed = 00:00:23 . Memory (MB): peak = 2149.832 ; gain = 574.254 ; free physical = 365 ; free virtual = 8858
Synthesis current peak Physical Memory [PSS] (MB): peak = 1474.771; parent = 1255.739; children = 219.031
Synthesis current peak Virtual Memory [VSS] (MB): peak = 3138.633; parent = 2149.836; children = 988.797
---------------------------------------------------------------------------------
---------------------------------------------------------------------------------
Start RTL Component Statistics 
---------------------------------------------------------------------------------
Detailed RTL Component Info : 
+---Adders : 
	   2 Input    4 Bit       Adders := 1     
+---XORs : 
	   8 Input      1 Bit         XORs := 1     
+---Registers : 
	                8 Bit    Registers := 2     
	                4 Bit    Registers := 1     
	                2 Bit    Registers := 1     
	                1 Bit    Registers := 2     
+---Muxes : 
	  17 Input    7 Bit        Muxes := 1     
	   2 Input    7 Bit        Muxes := 1     
	   5 Input    4 Bit        Muxes := 1     
	   2 Input    1 Bit        Muxes := 4     
	   5 Input    1 Bit        Muxes := 3     
---------------------------------------------------------------------------------
Finished RTL Component Statistics 
---------------------------------------------------------------------------------
---------------------------------------------------------------------------------
Start Part Resource Summary
---------------------------------------------------------------------------------
Part Resources:
DSPs: 240 (col length:80)
BRAMs: 270 (col length: RAMB18 80 RAMB36 40)
---------------------------------------------------------------------------------
Finished Part Resource Summary
---------------------------------------------------------------------------------
---------------------------------------------------------------------------------
Start Cross Boundary and Area Optimization
---------------------------------------------------------------------------------
WARNING: [Synth 8-7080] Parallel synthesis criteria is not met
WARNING: [Synth 8-3917] design top_module has port AN[7] driven by constant 1
WARNING: [Synth 8-3917] design top_module has port AN[6] driven by constant 1
WARNING: [Synth 8-3917] design top_module has port AN[5] driven by constant 1
WARNING: [Synth 8-3917] design top_module has port AN[4] driven by constant 1
WARNING: [Synth 8-3917] design top_module has port AN[3] driven by constant 1
WARNING: [Synth 8-3917] design top_module has port AN[2] driven by constant 1
WARNING: [Synth 8-3917] design top_module has port AN[1] driven by constant 1
WARNING: [Synth 8-3917] design top_module has port AN[0] driven by constant 0
---------------------------------------------------------------------------------
Finished Cross Boundary and Area Optimization : Time (s): cpu = 00:00:22 ; elapsed = 00:00:25 . Memory (MB): peak = 2149.832 ; gain = 574.254 ; free physical = 398 ; free virtual = 8901
Synthesis current peak Physical Memory [PSS] (MB): peak = 1474.771; parent = 1255.739; children = 219.031
Synthesis current peak Virtual Memory [VSS] (MB): peak = 3138.633; parent = 2149.836; children = 988.797
---------------------------------------------------------------------------------
---------------------------------------------------------------------------------
Start Applying XDC Timing Constraints
---------------------------------------------------------------------------------
---------------------------------------------------------------------------------
Finished Applying XDC Timing Constraints : Time (s): cpu = 00:00:31 ; elapsed = 00:00:37 . Memory (MB): peak = 2149.832 ; gain = 574.254 ; free physical = 158 ; free virtual = 8644
Synthesis current peak Physical Memory [PSS] (MB): peak = 1512.000; parent = 1293.033; children = 219.031
Synthesis current peak Virtual Memory [VSS] (MB): peak = 3138.633; parent = 2149.836; children = 988.797
---------------------------------------------------------------------------------
---------------------------------------------------------------------------------
Start Timing Optimization
---------------------------------------------------------------------------------
---------------------------------------------------------------------------------
Finished Timing Optimization : Time (s): cpu = 00:00:32 ; elapsed = 00:00:38 . Memory (MB): peak = 2149.832 ; gain = 574.254 ; free physical = 151 ; free virtual = 8632
Synthesis current peak Physical Memory [PSS] (MB): peak = 1512.941; parent = 1293.975; children = 219.031
Synthesis current peak Virtual Memory [VSS] (MB): peak = 3138.633; parent = 2149.836; children = 988.797
---------------------------------------------------------------------------------
---------------------------------------------------------------------------------
Start Technology Mapping
---------------------------------------------------------------------------------
---------------------------------------------------------------------------------
Finished Technology Mapping : Time (s): cpu = 00:00:32 ; elapsed = 00:00:38 . Memory (MB): peak = 2149.832 ; gain = 574.254 ; free physical = 124 ; free virtual = 8605
Synthesis current peak Physical Memory [PSS] (MB): peak = 1513.156; parent = 1294.189; children = 219.031
Synthesis current peak Virtual Memory [VSS] (MB): peak = 3138.633; parent = 2149.836; children = 988.797
---------------------------------------------------------------------------------
---------------------------------------------------------------------------------
Start IO Insertion
---------------------------------------------------------------------------------
---------------------------------------------------------------------------------
Start Flattening Before IO Insertion
---------------------------------------------------------------------------------
---------------------------------------------------------------------------------
Finished Flattening Before IO Insertion
---------------------------------------------------------------------------------
---------------------------------------------------------------------------------
Start Final Netlist Cleanup
---------------------------------------------------------------------------------
---------------------------------------------------------------------------------
Finished Final Netlist Cleanup
---------------------------------------------------------------------------------
---------------------------------------------------------------------------------
Finished IO Insertion : Time (s): cpu = 00:00:39 ; elapsed = 00:00:47 . Memory (MB): peak = 2149.832 ; gain = 574.254 ; free physical = 261 ; free virtual = 8960
Synthesis current peak Physical Memory [PSS] (MB): peak = 1513.309; parent = 1294.342; children = 219.031
Synthesis current peak Virtual Memory [VSS] (MB): peak = 3138.633; parent = 2149.836; children = 988.797
---------------------------------------------------------------------------------
---------------------------------------------------------------------------------
Start Renaming Generated Instances
---------------------------------------------------------------------------------
---------------------------------------------------------------------------------
Finished Renaming Generated Instances : Time (s): cpu = 00:00:39 ; elapsed = 00:00:47 . Memory (MB): peak = 2149.832 ; gain = 574.254 ; free physical = 261 ; free virtual = 8961
Synthesis current peak Physical Memory [PSS] (MB): peak = 1513.309; parent = 1294.342; children = 219.031
Synthesis current peak Virtual Memory [VSS] (MB): peak = 3138.633; parent = 2149.836; children = 988.797
---------------------------------------------------------------------------------
---------------------------------------------------------------------------------
Start Rebuilding User Hierarchy
---------------------------------------------------------------------------------
---------------------------------------------------------------------------------
Finished Rebuilding User Hierarchy : Time (s): cpu = 00:00:40 ; elapsed = 00:00:47 . Memory (MB): peak = 2149.832 ; gain = 574.254 ; free physical = 261 ; free virtual = 8962
Synthesis current peak Physical Memory [PSS] (MB): peak = 1513.322; parent = 1294.356; children = 219.031
Synthesis current peak Virtual Memory [VSS] (MB): peak = 3138.633; parent = 2149.836; children = 988.797
---------------------------------------------------------------------------------
---------------------------------------------------------------------------------
Start Renaming Generated Ports
---------------------------------------------------------------------------------
---------------------------------------------------------------------------------
Finished Renaming Generated Ports : Time (s): cpu = 00:00:40 ; elapsed = 00:00:47 . Memory (MB): peak = 2149.832 ; gain = 574.254 ; free physical = 261 ; free virtual = 8964
Synthesis current peak Physical Memory [PSS] (MB): peak = 1513.400; parent = 1294.435; children = 219.031
Synthesis current peak Virtual Memory [VSS] (MB): peak = 3138.633; parent = 2149.836; children = 988.797
---------------------------------------------------------------------------------
---------------------------------------------------------------------------------
Start Handling Custom Attributes
---------------------------------------------------------------------------------
---------------------------------------------------------------------------------
Finished Handling Custom Attributes : Time (s): cpu = 00:00:40 ; elapsed = 00:00:47 . Memory (MB): peak = 2149.832 ; gain = 574.254 ; free physical = 261 ; free virtual = 8964
Synthesis current peak Physical Memory [PSS] (MB): peak = 1513.400; parent = 1294.435; children = 219.031
Synthesis current peak Virtual Memory [VSS] (MB): peak = 3138.633; parent = 2149.836; children = 988.797
---------------------------------------------------------------------------------
---------------------------------------------------------------------------------
Start Renaming Generated Nets
---------------------------------------------------------------------------------
---------------------------------------------------------------------------------
Finished Renaming Generated Nets : Time (s): cpu = 00:00:40 ; elapsed = 00:00:47 . Memory (MB): peak = 2149.832 ; gain = 574.254 ; free physical = 261 ; free virtual = 8964
Synthesis current peak Physical Memory [PSS] (MB): peak = 1513.432; parent = 1294.466; children = 219.031
Synthesis current peak Virtual Memory [VSS] (MB): peak = 3138.633; parent = 2149.836; children = 988.797
---------------------------------------------------------------------------------
---------------------------------------------------------------------------------
Start Writing Synthesis Report
---------------------------------------------------------------------------------

Report BlackBoxes: 
+-+--------------+----------+
| |BlackBox name |Instances |
+-+--------------+----------+
+-+--------------+----------+

Report Cell Usage: 
+------+-----+------+
|      |Cell |Count |
+------+-----+------+
|1     |BUFG |     1|
|2     |LUT2 |     2|
|3     |LUT4 |     9|
|4     |LUT5 |     5|
|5     |LUT6 |    12|
|6     |FDRE |    24|
|7     |IBUF |     3|
|8     |OBUF |    15|
+------+-----+------+
---------------------------------------------------------------------------------
Finished Writing Synthesis Report : Time (s): cpu = 00:00:40 ; elapsed = 00:00:47 . Memory (MB): peak = 2149.832 ; gain = 574.254 ; free physical = 261 ; free virtual = 8964
Synthesis current peak Physical Memory [PSS] (MB): peak = 1513.432; parent = 1294.466; children = 219.031
Synthesis current peak Virtual Memory [VSS] (MB): peak = 3138.633; parent = 2149.836; children = 988.797
---------------------------------------------------------------------------------
Synthesis finished with 0 errors, 0 critical warnings and 9 warnings.
Synthesis Optimization Runtime : Time (s): cpu = 00:00:37 ; elapsed = 00:00:44 . Memory (MB): peak = 2149.832 ; gain = 457.520 ; free physical = 308 ; free virtual = 9016
Synthesis Optimization Complete : Time (s): cpu = 00:00:40 ; elapsed = 00:00:47 . Memory (MB): peak = 2149.840 ; gain = 574.254 ; free physical = 311 ; free virtual = 9024
INFO: [Project 1-571] Translating synthesized netlist
Netlist sorting complete. Time (s): cpu = 00:00:00 ; elapsed = 00:00:00 . Memory (MB): peak = 2149.840 ; gain = 0.000 ; free physical = 304 ; free virtual = 9021
INFO: [Project 1-570] Preparing netlist for logic optimization
INFO: [Opt 31-138] Pushed 0 inverter(s) to 0 load pin(s).
Netlist sorting complete. Time (s): cpu = 00:00:00 ; elapsed = 00:00:00 . Memory (MB): peak = 2149.840 ; gain = 0.000 ; free physical = 399 ; free virtual = 9144
INFO: [Project 1-111] Unisim Transformation Summary:
No Unisim elements were transformed.

Synth Design complete, checksum: 9a150f8e
INFO: [Common 17-83] Releasing license: Synthesis
27 Infos, 30 Warnings, 20 Critical Warnings and 0 Errors encountered.
synth_design completed successfully
synth_design: Time (s): cpu = 00:00:52 ; elapsed = 00:00:56 . Memory (MB): peak = 2149.840 ; gain = 894.395 ; free physical = 552 ; free virtual = 9301
INFO: [runtcl-6] Synthesis results are not added to the cache due to CRITICAL_WARNING
INFO: [Common 17-1381] The checkpoint '/home/acg/Desktop/Xilinx Projects/ders_2_klavye_uart/ders_2_klavye_uart.runs/synth_1/top_module.dcp' has been generated.
INFO: [runtcl-4] Executing : report_utilization -file top_module_utilization_synth.rpt -pb top_module_utilization_synth.pb
INFO: [Common 17-206] Exiting Vivado at Mon Mar 17 14:56:56 2025...
