
*** Running vivado
    with args -log logic_ex.vds -m64 -product Vivado -mode batch -messageDb vivado.pb -notrace -source logic_ex.tcl


****** Vivado v2022.2 (64-bit)
  **** SW Build 3671981 on Fri Oct 14 04:59:54 MDT 2022
  **** IP Build 3669848 on Fri Oct 14 08:30:02 MDT 2022
    ** Copyright 1986-2022 Xilinx, Inc. All Rights Reserved.

source logic_ex.tcl -notrace
create_project: Time (s): cpu = 00:00:08 ; elapsed = 00:00:09 . Memory (MB): peak = 1316.918 ; gain = 0.023 ; free physical = 213 ; free virtual = 11907
Command: read_checkpoint -auto_incremental -incremental {/home/acg/Desktop/Xilinx Projects/firstProject/firstProject.srcs/utils_1/imports/synth_1/logic_ex.dcp}
INFO: [Vivado 12-5825] Read reference checkpoint from /home/acg/Desktop/Xilinx Projects/firstProject/firstProject.srcs/utils_1/imports/synth_1/logic_ex.dcp for incremental synthesis
INFO: [Vivado 12-7989] Please ensure there are no constraint changes
Command: synth_design -top logic_ex -part xc7a100tcsg324-2
Starting synth_design
Attempting to get a license for feature 'Synthesis' and/or device 'xc7a100t'
INFO: [Common 17-349] Got license for feature 'Synthesis' and/or device 'xc7a100t'
INFO: [Device 21-403] Loading part xc7a100tcsg324-2
INFO: [Designutils 20-5440] No compile time benefit to using incremental synthesis; A full resynthesis will be run
INFO: [Designutils 20-4379] Flow is switching to default flow due to incremental criteria not met. If you would like to alter this behaviour and have the flow terminate instead, please set the following parameter config_implementation {autoIncr.Synth.RejectBehavior Terminate}
INFO: [Synth 8-7079] Multithreading enabled for synth_design using a maximum of 4 processes.
INFO: [Synth 8-7078] Launching helper process for spawning children vivado processes
INFO: [Synth 8-7075] Helper process launched with PID 9131
INFO: [Synth 8-11241] undeclared symbol 'REGCCE', assumed default net type 'wire' [/home/acg/Xilinx/Vivado/2022.2/data/verilog/src/unimacro/BRAM_SINGLE_MACRO.v:2170]
---------------------------------------------------------------------------------
Starting RTL Elaboration : Time (s): cpu = 00:00:06 ; elapsed = 00:00:07 . Memory (MB): peak = 1947.039 ; gain = 372.770 ; free physical = 217 ; free virtual = 10987
Synthesis current peak Physical Memory [PSS] (MB): peak = 1372.417; parent = 1165.920; children = 206.497
Synthesis current peak Virtual Memory [VSS] (MB): peak = 2900.719; parent = 1947.043; children = 953.676
---------------------------------------------------------------------------------
INFO: [Synth 8-638] synthesizing module 'logic_ex' [/home/acg/Desktop/Xilinx Projects/firstProject/firstProject.srcs/sources_1/new/hw1.vhd:30]
INFO: [Synth 8-256] done synthesizing module 'logic_ex' (0#1) [/home/acg/Desktop/Xilinx Projects/firstProject/firstProject.srcs/sources_1/new/hw1.vhd:30]
---------------------------------------------------------------------------------
Finished RTL Elaboration : Time (s): cpu = 00:00:08 ; elapsed = 00:00:09 . Memory (MB): peak = 2014.008 ; gain = 439.738 ; free physical = 283 ; free virtual = 11079
Synthesis current peak Physical Memory [PSS] (MB): peak = 1372.417; parent = 1165.920; children = 206.497
Synthesis current peak Virtual Memory [VSS] (MB): peak = 2967.688; parent = 2014.012; children = 953.676
---------------------------------------------------------------------------------
---------------------------------------------------------------------------------
Start Handling Custom Attributes
---------------------------------------------------------------------------------
---------------------------------------------------------------------------------
Finished Handling Custom Attributes : Time (s): cpu = 00:00:08 ; elapsed = 00:00:10 . Memory (MB): peak = 2025.883 ; gain = 451.613 ; free physical = 277 ; free virtual = 11077
Synthesis current peak Physical Memory [PSS] (MB): peak = 1372.417; parent = 1165.920; children = 206.497
Synthesis current peak Virtual Memory [VSS] (MB): peak = 2979.562; parent = 2025.887; children = 953.676
---------------------------------------------------------------------------------
---------------------------------------------------------------------------------
Finished RTL Optimization Phase 1 : Time (s): cpu = 00:00:08 ; elapsed = 00:00:10 . Memory (MB): peak = 2025.883 ; gain = 451.613 ; free physical = 277 ; free virtual = 11077
Synthesis current peak Physical Memory [PSS] (MB): peak = 1372.417; parent = 1165.920; children = 206.497
Synthesis current peak Virtual Memory [VSS] (MB): peak = 2979.562; parent = 2025.887; children = 953.676
---------------------------------------------------------------------------------
Netlist sorting complete. Time (s): cpu = 00:00:00 ; elapsed = 00:00:00 . Memory (MB): peak = 2025.883 ; gain = 0.000 ; free physical = 274 ; free virtual = 11075
INFO: [Project 1-570] Preparing netlist for logic optimization

Processing XDC Constraints
Initializing timing engine
Parsing XDC File [/home/acg/Desktop/Xilinx Projects/firstProject/firstProject.srcs/constrs_1/new/Nexys-A7-100T-Master.xdc]
Finished Parsing XDC File [/home/acg/Desktop/Xilinx Projects/firstProject/firstProject.srcs/constrs_1/new/Nexys-A7-100T-Master.xdc]
INFO: [Project 1-236] Implementation specific constraints were found while reading constraint file [/home/acg/Desktop/Xilinx Projects/firstProject/firstProject.srcs/constrs_1/new/Nexys-A7-100T-Master.xdc]. These constraints will be ignored for synthesis but will be used in implementation. Impacted constraints are listed in the file [.Xil/logic_ex_propImpl.xdc].
Resolution: To avoid this warning, move constraints listed in [.Xil/logic_ex_propImpl.xdc] to another XDC file and exclude this new file from synthesis with the used_in_synthesis property (File Properties dialog in GUI) and re-run elaboration/synthesis.
Completed Processing XDC Constraints

Netlist sorting complete. Time (s): cpu = 00:00:00.01 ; elapsed = 00:00:00 . Memory (MB): peak = 2087.617 ; gain = 0.000 ; free physical = 164 ; free virtual = 10969
INFO: [Project 1-111] Unisim Transformation Summary:
No Unisim elements were transformed.

Constraint Validation Runtime : Time (s): cpu = 00:00:00 ; elapsed = 00:00:00 . Memory (MB): peak = 2087.617 ; gain = 0.000 ; free physical = 164 ; free virtual = 10969
INFO: [Designutils 20-5440] No compile time benefit to using incremental synthesis; A full resynthesis will be run
INFO: [Designutils 20-4379] Flow is switching to default flow due to incremental criteria not met. If you would like to alter this behaviour and have the flow terminate instead, please set the following parameter config_implementation {autoIncr.Synth.RejectBehavior Terminate}
INFO: [Synth 8-11241] undeclared symbol 'REGCCE', assumed default net type 'wire' [/home/acg/Xilinx/Vivado/2022.2/data/verilog/src/unimacro/BRAM_SINGLE_MACRO.v:2170]
---------------------------------------------------------------------------------
Finished Constraint Validation : Time (s): cpu = 00:00:17 ; elapsed = 00:00:20 . Memory (MB): peak = 2087.617 ; gain = 513.348 ; free physical = 234 ; free virtual = 11069
Synthesis current peak Physical Memory [PSS] (MB): peak = 1372.417; parent = 1165.920; children = 206.497
Synthesis current peak Virtual Memory [VSS] (MB): peak = 3041.297; parent = 2087.621; children = 953.676
---------------------------------------------------------------------------------
---------------------------------------------------------------------------------
Start Loading Part and Timing Information
---------------------------------------------------------------------------------
Loading part: xc7a100tcsg324-2
---------------------------------------------------------------------------------
Finished Loading Part and Timing Information : Time (s): cpu = 00:00:17 ; elapsed = 00:00:20 . Memory (MB): peak = 2087.617 ; gain = 513.348 ; free physical = 234 ; free virtual = 11069
Synthesis current peak Physical Memory [PSS] (MB): peak = 1372.417; parent = 1165.920; children = 206.497
Synthesis current peak Virtual Memory [VSS] (MB): peak = 3041.297; parent = 2087.621; children = 953.676
---------------------------------------------------------------------------------
---------------------------------------------------------------------------------
Start Applying 'set_property' XDC Constraints
---------------------------------------------------------------------------------
---------------------------------------------------------------------------------
Finished applying 'set_property' XDC Constraints : Time (s): cpu = 00:00:17 ; elapsed = 00:00:20 . Memory (MB): peak = 2087.617 ; gain = 513.348 ; free physical = 232 ; free virtual = 11069
Synthesis current peak Physical Memory [PSS] (MB): peak = 1372.417; parent = 1165.920; children = 206.497
Synthesis current peak Virtual Memory [VSS] (MB): peak = 3041.297; parent = 2087.621; children = 953.676
---------------------------------------------------------------------------------
---------------------------------------------------------------------------------
Finished RTL Optimization Phase 2 : Time (s): cpu = 00:00:17 ; elapsed = 00:00:20 . Memory (MB): peak = 2087.617 ; gain = 513.348 ; free physical = 228 ; free virtual = 11067
Synthesis current peak Physical Memory [PSS] (MB): peak = 1372.417; parent = 1165.920; children = 206.497
Synthesis current peak Virtual Memory [VSS] (MB): peak = 3041.297; parent = 2087.621; children = 953.676
---------------------------------------------------------------------------------
---------------------------------------------------------------------------------
Start RTL Component Statistics 
---------------------------------------------------------------------------------
Detailed RTL Component Info : 
+---XORs : 
	   2 Input      1 Bit         XORs := 1     
---------------------------------------------------------------------------------
Finished RTL Component Statistics 
---------------------------------------------------------------------------------
---------------------------------------------------------------------------------
Start Part Resource Summary
---------------------------------------------------------------------------------
Part Resources:
DSPs: 240 (col length:80)
BRAMs: 270 (col length: RAMB18 80 RAMB36 40)
---------------------------------------------------------------------------------
Finished Part Resource Summary
---------------------------------------------------------------------------------
---------------------------------------------------------------------------------
Start Cross Boundary and Area Optimization
---------------------------------------------------------------------------------
WARNING: [Synth 8-7080] Parallel synthesis criteria is not met
---------------------------------------------------------------------------------
Finished Cross Boundary and Area Optimization : Time (s): cpu = 00:00:18 ; elapsed = 00:00:22 . Memory (MB): peak = 2087.617 ; gain = 513.348 ; free physical = 197 ; free virtual = 11003
Synthesis current peak Physical Memory [PSS] (MB): peak = 1372.417; parent = 1165.920; children = 206.497
Synthesis current peak Virtual Memory [VSS] (MB): peak = 3041.297; parent = 2087.621; children = 953.676
---------------------------------------------------------------------------------
---------------------------------------------------------------------------------
Start Applying XDC Timing Constraints
---------------------------------------------------------------------------------
---------------------------------------------------------------------------------
Finished Applying XDC Timing Constraints : Time (s): cpu = 00:00:25 ; elapsed = 00:00:29 . Memory (MB): peak = 2087.617 ; gain = 513.348 ; free physical = 112 ; free virtual = 10904
Synthesis current peak Physical Memory [PSS] (MB): peak = 1464.642; parent = 1258.187; children = 206.497
Synthesis current peak Virtual Memory [VSS] (MB): peak = 3041.297; parent = 2087.621; children = 953.676
---------------------------------------------------------------------------------
---------------------------------------------------------------------------------
Start Timing Optimization
---------------------------------------------------------------------------------
---------------------------------------------------------------------------------
Finished Timing Optimization : Time (s): cpu = 00:00:25 ; elapsed = 00:00:29 . Memory (MB): peak = 2087.617 ; gain = 513.348 ; free physical = 112 ; free virtual = 10905
Synthesis current peak Physical Memory [PSS] (MB): peak = 1464.778; parent = 1258.323; children = 206.497
Synthesis current peak Virtual Memory [VSS] (MB): peak = 3041.297; parent = 2087.621; children = 953.676
---------------------------------------------------------------------------------
---------------------------------------------------------------------------------
Start Technology Mapping
---------------------------------------------------------------------------------
---------------------------------------------------------------------------------
Finished Technology Mapping : Time (s): cpu = 00:00:25 ; elapsed = 00:00:29 . Memory (MB): peak = 2087.617 ; gain = 513.348 ; free physical = 113 ; free virtual = 10907
Synthesis current peak Physical Memory [PSS] (MB): peak = 1465.196; parent = 1258.741; children = 206.497
Synthesis current peak Virtual Memory [VSS] (MB): peak = 3041.297; parent = 2087.621; children = 953.676
---------------------------------------------------------------------------------
---------------------------------------------------------------------------------
Start IO Insertion
---------------------------------------------------------------------------------
---------------------------------------------------------------------------------
Start Flattening Before IO Insertion
---------------------------------------------------------------------------------
---------------------------------------------------------------------------------
Finished Flattening Before IO Insertion
---------------------------------------------------------------------------------
---------------------------------------------------------------------------------
Start Final Netlist Cleanup
---------------------------------------------------------------------------------
---------------------------------------------------------------------------------
Finished Final Netlist Cleanup
---------------------------------------------------------------------------------
---------------------------------------------------------------------------------
Finished IO Insertion : Time (s): cpu = 00:00:31 ; elapsed = 00:00:35 . Memory (MB): peak = 2087.617 ; gain = 513.348 ; free physical = 183 ; free virtual = 11022
Synthesis current peak Physical Memory [PSS] (MB): peak = 1465.360; parent = 1258.905; children = 206.497
Synthesis current peak Virtual Memory [VSS] (MB): peak = 3041.297; parent = 2087.621; children = 953.676
---------------------------------------------------------------------------------
---------------------------------------------------------------------------------
Start Renaming Generated Instances
---------------------------------------------------------------------------------
---------------------------------------------------------------------------------
Finished Renaming Generated Instances : Time (s): cpu = 00:00:31 ; elapsed = 00:00:35 . Memory (MB): peak = 2087.617 ; gain = 513.348 ; free physical = 183 ; free virtual = 11020
Synthesis current peak Physical Memory [PSS] (MB): peak = 1465.376; parent = 1258.921; children = 206.497
Synthesis current peak Virtual Memory [VSS] (MB): peak = 3041.297; parent = 2087.621; children = 953.676
---------------------------------------------------------------------------------
---------------------------------------------------------------------------------
Start Rebuilding User Hierarchy
---------------------------------------------------------------------------------
---------------------------------------------------------------------------------
Finished Rebuilding User Hierarchy : Time (s): cpu = 00:00:31 ; elapsed = 00:00:35 . Memory (MB): peak = 2087.617 ; gain = 513.348 ; free physical = 183 ; free virtual = 11019
Synthesis current peak Physical Memory [PSS] (MB): peak = 1465.392; parent = 1258.937; children = 206.497
Synthesis current peak Virtual Memory [VSS] (MB): peak = 3041.297; parent = 2087.621; children = 953.676
---------------------------------------------------------------------------------
---------------------------------------------------------------------------------
Start Renaming Generated Ports
---------------------------------------------------------------------------------
---------------------------------------------------------------------------------
Finished Renaming Generated Ports : Time (s): cpu = 00:00:31 ; elapsed = 00:00:35 . Memory (MB): peak = 2087.617 ; gain = 513.348 ; free physical = 183 ; free virtual = 11020
Synthesis current peak Physical Memory [PSS] (MB): peak = 1465.470; parent = 1259.015; children = 206.497
Synthesis current peak Virtual Memory [VSS] (MB): peak = 3041.297; parent = 2087.621; children = 953.676
---------------------------------------------------------------------------------
---------------------------------------------------------------------------------
Start Handling Custom Attributes
---------------------------------------------------------------------------------
---------------------------------------------------------------------------------
Finished Handling Custom Attributes : Time (s): cpu = 00:00:31 ; elapsed = 00:00:35 . Memory (MB): peak = 2087.617 ; gain = 513.348 ; free physical = 183 ; free virtual = 11020
Synthesis current peak Physical Memory [PSS] (MB): peak = 1465.470; parent = 1259.015; children = 206.497
Synthesis current peak Virtual Memory [VSS] (MB): peak = 3041.297; parent = 2087.621; children = 953.676
---------------------------------------------------------------------------------
---------------------------------------------------------------------------------
Start Renaming Generated Nets
---------------------------------------------------------------------------------
---------------------------------------------------------------------------------
Finished Renaming Generated Nets : Time (s): cpu = 00:00:31 ; elapsed = 00:00:35 . Memory (MB): peak = 2087.617 ; gain = 513.348 ; free physical = 183 ; free virtual = 11019
Synthesis current peak Physical Memory [PSS] (MB): peak = 1465.485; parent = 1259.030; children = 206.497
Synthesis current peak Virtual Memory [VSS] (MB): peak = 3041.297; parent = 2087.621; children = 953.676
---------------------------------------------------------------------------------
---------------------------------------------------------------------------------
Start Writing Synthesis Report
---------------------------------------------------------------------------------

Report BlackBoxes: 
+-+--------------+----------+
| |BlackBox name |Instances |
+-+--------------+----------+
+-+--------------+----------+

Report Cell Usage: 
+------+-----+------+
|      |Cell |Count |
+------+-----+------+
|1     |LUT1 |     1|
|2     |LUT2 |     3|
|3     |IBUF |     2|
|4     |OBUF |     4|
+------+-----+------+
---------------------------------------------------------------------------------
Finished Writing Synthesis Report : Time (s): cpu = 00:00:31 ; elapsed = 00:00:35 . Memory (MB): peak = 2087.617 ; gain = 513.348 ; free physical = 183 ; free virtual = 11019
Synthesis current peak Physical Memory [PSS] (MB): peak = 1465.501; parent = 1259.046; children = 206.497
Synthesis current peak Virtual Memory [VSS] (MB): peak = 3041.297; parent = 2087.621; children = 953.676
---------------------------------------------------------------------------------
Synthesis finished with 0 errors, 0 critical warnings and 1 warnings.
Synthesis Optimization Runtime : Time (s): cpu = 00:00:29 ; elapsed = 00:00:32 . Memory (MB): peak = 2087.617 ; gain = 451.613 ; free physical = 232 ; free virtual = 11063
Synthesis Optimization Complete : Time (s): cpu = 00:00:31 ; elapsed = 00:00:35 . Memory (MB): peak = 2087.625 ; gain = 513.348 ; free physical = 232 ; free virtual = 11060
INFO: [Project 1-571] Translating synthesized netlist
Netlist sorting complete. Time (s): cpu = 00:00:00 ; elapsed = 00:00:00 . Memory (MB): peak = 2087.625 ; gain = 0.000 ; free physical = 225 ; free virtual = 11052
INFO: [Project 1-570] Preparing netlist for logic optimization
INFO: [Opt 31-138] Pushed 0 inverter(s) to 0 load pin(s).
Netlist sorting complete. Time (s): cpu = 00:00:00 ; elapsed = 00:00:00 . Memory (MB): peak = 2087.625 ; gain = 0.000 ; free physical = 287 ; free virtual = 11110
INFO: [Project 1-111] Unisim Transformation Summary:
No Unisim elements were transformed.

Synth Design complete, checksum: 59720e45
INFO: [Common 17-83] Releasing license: Synthesis
23 Infos, 1 Warnings, 0 Critical Warnings and 0 Errors encountered.
synth_design completed successfully
synth_design: Time (s): cpu = 00:00:42 ; elapsed = 00:00:43 . Memory (MB): peak = 2087.625 ; gain = 770.707 ; free physical = 455 ; free virtual = 11267
INFO: [Common 17-1381] The checkpoint '/home/acg/Desktop/Xilinx Projects/firstProject/firstProject.runs/synth_1/logic_ex.dcp' has been generated.
INFO: [runtcl-4] Executing : report_utilization -file logic_ex_utilization_synth.rpt -pb logic_ex_utilization_synth.pb
INFO: [Common 17-206] Exiting Vivado at Tue Oct 29 19:56:06 2024...
